Using pre-set license

 COMMAND LINE ARGUMENTS:
/Applications/Unity/Hub/Editor/2020.3.0f1/Unity.app/Contents/MacOS/Unity
-adb2
-batchMode
-noUpm
-name
AssetImportWorker0
-projectPath
/Users/calebmoyle/Desktop/2022 Computer tech/2022 Project
-logFile
Logs/AssetImportWorker0.log
-srvPort
51991
Successfully changed project path to: /Users/calebmoyle/Desktop/2022 Computer tech/2022 Project
/Users/calebmoyle/Desktop/2022 Computer tech/2022 Project
Using Asset Import Pipeline V2.
Refreshing native plugins compatible for Editor in 25.25 ms, found 1 plugins.
Preloading 0 native plugins for Editor in 0.00 ms.
Initialize engine version: 2020.3.0f1 (c7b5465681fb)
[Subsystems] Discovering subsystems at path /Applications/Unity/Hub/Editor/2020.3.0f1/Unity.app/Contents/Resources/UnitySubsystems
[Subsystems] Discovering subsystems at path /Users/calebmoyle/Desktop/2022 Computer tech/2022 Project/Assets
GfxDevice: creating device client; threaded=0
2022-06-23 09:17:23.831 Unity[28314:2888052] (null) preferred device: Apple M1 (high power)
2022-06-23 09:17:23.831 Unity[28314:2888052] Metal devices available: 1
2022-06-23 09:17:23.831 Unity[28314:2888052] 0: Apple M1 (high power)
2022-06-23 09:17:23.831 Unity[28314:2888052] Using device Apple M1 (high power)
Initializing Metal device caps: Apple M1
Initialize mono
Mono path[0] = '/Applications/Unity/Hub/Editor/2020.3.0f1/Unity.app/Contents/Managed'
Mono path[1] = '/Applications/Unity/Hub/Editor/2020.3.0f1/Unity.app/Contents/MonoBleedingEdge/lib/mono/unityjit'
Mono config path = '/Applications/Unity/Hub/Editor/2020.3.0f1/Unity.app/Contents/MonoBleedingEdge/etc'
Using monoOptions --debugger-agent=transport=dt_socket,embedding=1,server=y,suspend=n,address=127.0.0.1:56314
Begin MonoManager ReloadAssembly
Registering precompiled unity dll's ...
Register platform support module: /Applications/Unity/Hub/Editor/2020.3.0f1/Unity.app/Contents/PlaybackEngines/MacStandaloneSupport/UnityEditor.OSXStandalone.Extensions.dll
Registered in 0.001065 seconds.
Native extension for OSXStandalone target not found
Refreshing native plugins compatible for Editor in 25.20 ms, found 1 plugins.
Preloading 0 native plugins for Editor in 0.00 ms.
Invoked RoslynAnalysisRunner static constructor.
RoslynAnalysisRunner will not be running.
RoslynAnalysisRunner has terminated.
Mono: successfully reloaded assembly
- Completed reload, in  2.133 seconds
Platform modules already initialized, skipping
Registering precompiled user dll's ...
Registered in 0.000523 seconds.
Begin MonoManager ReloadAssembly
Native extension for OSXStandalone target not found
Refreshing native plugins compatible for Editor in 0.22 ms, found 1 plugins.
Preloading 0 native plugins for Editor in 0.00 ms.
Invoked RoslynAnalysisRunner static constructor.
RoslynAnalysisRunner will not be running.
RoslynAnalysisRunner has terminated.
Mono: successfully reloaded assembly
- Completed reload, in  1.816 seconds
Platform modules already initialized, skipping
========================================================================
Worker process is ready to serve import requests
Launching external process: /Applications/Unity/Hub/Editor/2020.3.0f1/Unity.app/Contents/Tools/UnityShaderCompiler
Launched and connected shader compiler UnityShaderCompiler after 0.03 seconds
Refreshing native plugins compatible for Editor in 0.20 ms, found 1 plugins.
Preloading 0 native plugins for Editor in 0.00 ms.
Unloading 1320 Unused Serialized files (Serialized files now loaded: 0)
System memory in use before: 146.6 MB.
System memory in use after: 146.7 MB.

Unloading 11 unused Assets to reduce memory usage. Loaded Objects now: 1793.
Total: 3.588208 ms (FindLiveObjects: 0.145375 ms CreateObjectMapping: 0.026833 ms MarkObjects: 1.155000 ms  DeleteObjects: 2.259917 ms)

========================================================================
Received Import Request.
  path: Assets/2022 Scripts/ThirdpersonMovementScript.cs
  artifactKey: Guid(a775289542f754e55a568e329082128a) Importer(815301076,1909f56bfc062723c751e8b465ee728b)
Start importing Assets/2022 Scripts/ThirdpersonMovementScript.cs using Guid(a775289542f754e55a568e329082128a) Importer(815301076,1909f56bfc062723c751e8b465ee728b)  -> (artifact id: '43a336fba7407595a045f1e06663a863') in 0.361873 seconds
  Import took 0.364962 seconds .

