Using pre-set license

 COMMAND LINE ARGUMENTS:
/Applications/Unity/Hub/Editor/2020.3.0f1/Unity.app/Contents/MacOS/Unity
-adb2
-batchMode
-noUpm
-name
AssetImportWorker0
-projectPath
/Users/calebmoyle/Desktop/2022 Computer tech/2022 Project
-logFile
Logs/AssetImportWorker0.log
-srvPort
56647
Successfully changed project path to: /Users/calebmoyle/Desktop/2022 Computer tech/2022 Project
/Users/calebmoyle/Desktop/2022 Computer tech/2022 Project
Using Asset Import Pipeline V2.
Refreshing native plugins compatible for Editor in 29.33 ms, found 1 plugins.
Preloading 0 native plugins for Editor in 0.00 ms.
Initialize engine version: 2020.3.0f1 (c7b5465681fb)
[Subsystems] Discovering subsystems at path /Applications/Unity/Hub/Editor/2020.3.0f1/Unity.app/Contents/Resources/UnitySubsystems
[Subsystems] Discovering subsystems at path /Users/calebmoyle/Desktop/2022 Computer tech/2022 Project/Assets
GfxDevice: creating device client; threaded=0
2022-09-06 13:52:59.611 Unity[16200:1230585] (null) preferred device: Apple M1 (high power)
2022-09-06 13:52:59.611 Unity[16200:1230585] Metal devices available: 1
2022-09-06 13:52:59.611 Unity[16200:1230585] 0: Apple M1 (high power)
2022-09-06 13:52:59.611 Unity[16200:1230585] Using device Apple M1 (high power)
Initializing Metal device caps: Apple M1
Initialize mono
Mono path[0] = '/Applications/Unity/Hub/Editor/2020.3.0f1/Unity.app/Contents/Managed'
Mono path[1] = '/Applications/Unity/Hub/Editor/2020.3.0f1/Unity.app/Contents/MonoBleedingEdge/lib/mono/unityjit'
Mono config path = '/Applications/Unity/Hub/Editor/2020.3.0f1/Unity.app/Contents/MonoBleedingEdge/etc'
Using monoOptions --debugger-agent=transport=dt_socket,embedding=1,server=y,suspend=n,address=127.0.0.1:56200
Begin MonoManager ReloadAssembly
Registering precompiled unity dll's ...
Register platform support module: /Applications/Unity/Hub/Editor/2020.3.0f1/Unity.app/Contents/PlaybackEngines/MacStandaloneSupport/UnityEditor.OSXStandalone.Extensions.dll
Registered in 0.001982 seconds.
Native extension for OSXStandalone target not found
Refreshing native plugins compatible for Editor in 25.22 ms, found 1 plugins.
Preloading 0 native plugins for Editor in 0.00 ms.
Invoked RoslynAnalysisRunner static constructor.
RoslynAnalysisRunner will not be running.
RoslynAnalysisRunner has terminated.
Mono: successfully reloaded assembly
- Completed reload, in  1.845 seconds
Platform modules already initialized, skipping
Registering precompiled user dll's ...
Registered in 0.000731 seconds.
Begin MonoManager ReloadAssembly
Native extension for OSXStandalone target not found
Refreshing native plugins compatible for Editor in 0.22 ms, found 1 plugins.
Preloading 0 native plugins for Editor in 0.00 ms.
Invoked RoslynAnalysisRunner static constructor.
RoslynAnalysisRunner will not be running.
RoslynAnalysisRunner has terminated.
Mono: successfully reloaded assembly
- Completed reload, in  1.538 seconds
Platform modules already initialized, skipping
========================================================================
Worker process is ready to serve import requests
Launching external process: /Applications/Unity/Hub/Editor/2020.3.0f1/Unity.app/Contents/Tools/UnityShaderCompiler
Launched and connected shader compiler UnityShaderCompiler after 0.04 seconds
Refreshing native plugins compatible for Editor in 0.21 ms, found 1 plugins.
Preloading 0 native plugins for Editor in 0.00 ms.
Unloading 1322 Unused Serialized files (Serialized files now loaded: 0)
System memory in use before: 146.8 MB.
System memory in use after: 146.9 MB.

Unloading 11 unused Assets to reduce memory usage. Loaded Objects now: 1795.
Total: 1.334000 ms (FindLiveObjects: 0.130083 ms CreateObjectMapping: 0.027000 ms MarkObjects: 1.088917 ms  DeleteObjects: 0.087041 ms)

========================================================================
Received Import Request.
  path: Assets/Scenes/Level One.unity
  artifactKey: Guid(43e89002f1f7248d8a6ae20a4f8927bb) Importer(815301076,1909f56bfc062723c751e8b465ee728b)
Start importing Assets/Scenes/Level One.unity using Guid(43e89002f1f7248d8a6ae20a4f8927bb) Importer(815301076,1909f56bfc062723c751e8b465ee728b)  -> (artifact id: '2f25e757057a6f4b52cbc8c4cc184812') in 0.018970 seconds
  Import took 0.021033 seconds .

========================================================================
Received Prepare
Refreshing native plugins compatible for Editor in 0.75 ms, found 1 plugins.
Preloading 0 native plugins for Editor in 0.00 ms.
Unloading 3 Unused Serialized files (Serialized files now loaded: 0)
System memory in use before: 120.0 MB.
System memory in use after: 120.1 MB.

Unloading 3 unused Assets to reduce memory usage. Loaded Objects now: 1795.
Total: 8.631083 ms (FindLiveObjects: 0.195916 ms CreateObjectMapping: 0.059084 ms MarkObjects: 8.302541 ms  DeleteObjects: 0.072959 ms)

========================================================================
Received Import Request.
  Time since last request: 167.664304 seconds.
  path: Assets/2022 Scripts/EnemySpawners/EnemySpawnerTwo.cs
  artifactKey: Guid(2509cc0ec210c485eb41b13e86b18748) Importer(815301076,1909f56bfc062723c751e8b465ee728b)
Start importing Assets/2022 Scripts/EnemySpawners/EnemySpawnerTwo.cs using Guid(2509cc0ec210c485eb41b13e86b18748) Importer(815301076,1909f56bfc062723c751e8b465ee728b)  -> (artifact id: '6b2627df1c424fbb612e0232131b65ff') in 0.323077 seconds
  Import took 0.330706 seconds .

========================================================================
Received Import Request.
  Time since last request: 0.375559 seconds.
  path: Assets/2022 Scripts/EnemySpawners/EnemySpawner.cs
  artifactKey: Guid(8a8dccd4a08414bb48222fa9c7af7f0c) Importer(815301076,1909f56bfc062723c751e8b465ee728b)
Start importing Assets/2022 Scripts/EnemySpawners/EnemySpawner.cs using Guid(8a8dccd4a08414bb48222fa9c7af7f0c) Importer(815301076,1909f56bfc062723c751e8b465ee728b)  -> (artifact id: 'b55f8b828412cd357ffda38cb3ee5320') in 0.002189 seconds
  Import took 0.004726 seconds .

========================================================================
Received Import Request.
  Time since last request: 0.007640 seconds.
  path: Assets/2022 Scripts/EnemySpawners/EnemySpawner.cs
  artifactKey: Guid(8a8dccd4a08414bb48222fa9c7af7f0c) Importer(815301076,1909f56bfc062723c751e8b465ee728b)
Start importing Assets/2022 Scripts/EnemySpawners/EnemySpawner.cs using Guid(8a8dccd4a08414bb48222fa9c7af7f0c) Importer(815301076,1909f56bfc062723c751e8b465ee728b)  -> (artifact id: 'b55f8b828412cd357ffda38cb3ee5320') in 0.001087 seconds
  Import took 0.003289 seconds .

========================================================================
Received Prepare
Refreshing native plugins compatible for Editor in 0.65 ms, found 1 plugins.
Preloading 0 native plugins for Editor in 0.00 ms.
Unloading 3 Unused Serialized files (Serialized files now loaded: 0)
System memory in use before: 124.6 MB.
System memory in use after: 124.7 MB.

Unloading 3 unused Assets to reduce memory usage. Loaded Objects now: 1795.
Total: 6.126875 ms (FindLiveObjects: 0.359167 ms CreateObjectMapping: 0.059875 ms MarkObjects: 5.620375 ms  DeleteObjects: 0.086292 ms)

